<?xml version="1.0" encoding="UTF-8"?>
<!-- Generated by org.testng.reporters.JUnitXMLReporter -->
<testsuite ignored="0" hostname="Mukilan" failures="1" tests="2" name="ChromeTest" time="19.32" errors="0" timestamp="2025-05-16T15:45:37 IST">
  <testcase classname="tests.TC002_Login_Test" name="loginTest" time="4.794"/>
  <testcase classname="tests.TC002_Login_Test" name="loginTest" time="4.384">
    <failure type="java.lang.AssertionError" message="expected [true] but found [false]">
      <![CDATA[java.lang.AssertionError: expected [true] but found [false]
at pages.SearchHotelPage.loginValidation(SearchHotelPage.java:135)
at tests.TC002_Login_Test.loginTest(TC002_Login_Test.java:23)
at java.base/java.util.ArrayList.forEach(ArrayList.java:1596)
... Removed 29 stack frames]]>
    </failure>
  </testcase> <!-- loginTest -->
</testsuite> <!-- ChromeTest -->
