<?xml version="1.0" encoding="UTF-8"?>
<testng-results ignored="0" total="2" passed="1" failed="1" skipped="0">
  <reporter-output>
  </reporter-output>
  <suite started-at="2025-05-16T15:45:17 IST" name="Suite" finished-at="2025-05-16T15:45:37 IST" duration-ms="19320">
    <groups>
    </groups>
    <test started-at="2025-05-16T15:45:17 IST" name="ChromeTest" finished-at="2025-05-16T15:45:37 IST" duration-ms="19320">
      <class name="tests.TC002_Login_Test">
        <test-method is-config="true" signature="reportInitilization()[pri:0, instance:tests.TC002_Login_Test@7eac9008]" started-at="2025-05-16T15:45:17 IST" name="reportInitilization" finished-at="2025-05-16T15:45:17 IST" duration-ms="151" status="PASS">
          <reporter-output>
          </reporter-output>
        </test-method> <!-- reportInitilization -->
        <test-method is-config="true" signature="setup()[pri:0, instance:tests.TC002_Login_Test@7eac9008]" started-at="2025-05-16T15:45:17 IST" name="setup" finished-at="2025-05-16T15:45:17 IST" duration-ms="1" status="PASS">
          <reporter-output>
          </reporter-output>
        </test-method> <!-- setup -->
        <test-method is-config="true" signature="testDetails()[pri:0, instance:tests.TC002_Login_Test@7eac9008]" started-at="2025-05-16T15:45:17 IST" name="testDetails" finished-at="2025-05-16T15:45:17 IST" duration-ms="8" status="PASS">
          <reporter-output>
          </reporter-output>
        </test-method> <!-- testDetails -->
        <test-method is-config="true" signature="launchAndLoadingURL(java.lang.String,java.lang.String)[pri:0, instance:tests.TC002_Login_Test@7eac9008]" started-at="2025-05-16T15:45:18 IST" name="launchAndLoadingURL" finished-at="2025-05-16T15:45:20 IST" duration-ms="2466" status="PASS">
          <params>
            <param index="0">
              <value>
                <![CDATA[chrome]]>
              </value>
            </param>
            <param index="1">
              <value>
                <![CDATA[https://adactinhotelapp.com/]]>
              </value>
            </param>
          </params>
          <reporter-output>
          </reporter-output>
        </test-method> <!-- launchAndLoadingURL -->
        <test-method signature="loginTest(java.lang.String,java.lang.String,java.lang.String,java.lang.String)[pri:0, instance:tests.TC002_Login_Test@7eac9008]" started-at="2025-05-16T15:45:20 IST" name="loginTest" data-provider="readData" finished-at="2025-05-16T15:45:25 IST" duration-ms="4794" status="PASS">
          <params>
            <param index="0">
              <value>
                <![CDATA[Mukilanru1898]]>
              </value>
            </param>
            <param index="1">
              <value>
                <![CDATA[12345]]>
              </value>
            </param>
            <param index="2">
              <value>
                <![CDATA[Hello Mukilanru1898!]]>
              </value>
            </param>
            <param index="3">
              <value>
                <![CDATA[ValidTest]]>
              </value>
            </param>
          </params>
          <reporter-output>
          </reporter-output>
        </test-method> <!-- loginTest -->
        <test-method is-config="true" signature="browserclose()[pri:0, instance:tests.TC002_Login_Test@7eac9008]" started-at="2025-05-16T15:45:25 IST" name="browserclose" finished-at="2025-05-16T15:45:28 IST" duration-ms="2314" status="PASS">
          <reporter-output>
          </reporter-output>
        </test-method> <!-- browserclose -->
        <test-method is-config="true" signature="launchAndLoadingURL(java.lang.String,java.lang.String)[pri:0, instance:tests.TC002_Login_Test@7eac9008]" started-at="2025-05-16T15:45:28 IST" name="launchAndLoadingURL" finished-at="2025-05-16T15:45:30 IST" duration-ms="2242" status="PASS">
          <params>
            <param index="0">
              <value>
                <![CDATA[chrome]]>
              </value>
            </param>
            <param index="1">
              <value>
                <![CDATA[https://adactinhotelapp.com/]]>
              </value>
            </param>
          </params>
          <reporter-output>
          </reporter-output>
        </test-method> <!-- launchAndLoadingURL -->
        <test-method signature="loginTest(java.lang.String,java.lang.String,java.lang.String,java.lang.String)[pri:0, instance:tests.TC002_Login_Test@7eac9008]" started-at="2025-05-16T15:45:30 IST" name="loginTest" data-provider="readData" finished-at="2025-05-16T15:45:34 IST" duration-ms="4384" status="FAIL">
          <params>
            <param index="0">
              <value>
                <![CDATA[Mukilanru1898]]>
              </value>
            </param>
            <param index="1">
              <value>
                <![CDATA[12346]]>
              </value>
            </param>
            <param index="2">
              <value>
                <![CDATA[Invalid Login details or Your Password might have expired. Click here to reset your password]]>
              </value>
            </param>
            <param index="3">
              <value>
                <![CDATA[InvalidTest]]>
              </value>
            </param>
          </params>
          <exception class="java.lang.AssertionError">
            <message>
              <![CDATA[expected [true] but found [false]]]>
            </message>
            <full-stacktrace>
              <![CDATA[java.lang.AssertionError: expected [true] but found [false]
at org.testng.Assert.fail(Assert.java:111)
at org.testng.Assert.failNotEquals(Assert.java:1578)
at org.testng.Assert.assertTrue(Assert.java:57)
at org.testng.Assert.assertTrue(Assert.java:67)
at pages.SearchHotelPage.loginValidation(SearchHotelPage.java:135)
at tests.TC002_Login_Test.loginTest(TC002_Login_Test.java:23)
at java.base/jdk.internal.reflect.DirectMethodHandleAccessor.invoke(DirectMethodHandleAccessor.java:103)
at java.base/java.lang.reflect.Method.invoke(Method.java:580)
at org.testng.internal.invokers.MethodInvocationHelper.invokeMethod(MethodInvocationHelper.java:139)
at org.testng.internal.invokers.TestInvoker.invokeMethod(TestInvoker.java:664)
at org.testng.internal.invokers.TestInvoker.invokeTestMethod(TestInvoker.java:228)
at org.testng.internal.invokers.MethodRunner.runInSequence(MethodRunner.java:63)
at org.testng.internal.invokers.TestInvoker$MethodInvocationAgent.invoke(TestInvoker.java:961)
at org.testng.internal.invokers.TestInvoker.invokeTestMethods(TestInvoker.java:201)
at org.testng.internal.invokers.TestMethodWorker.invokeTestMethods(TestMethodWorker.java:148)
at org.testng.internal.invokers.TestMethodWorker.run(TestMethodWorker.java:128)
at java.base/java.util.ArrayList.forEach(ArrayList.java:1596)
at org.testng.TestRunner.privateRun(TestRunner.java:819)
at org.testng.TestRunner.run(TestRunner.java:619)
at org.testng.SuiteRunner.runTest(SuiteRunner.java:443)
at org.testng.SuiteRunner.runSequentially(SuiteRunner.java:437)
at org.testng.SuiteRunner.privateRun(SuiteRunner.java:397)
at org.testng.SuiteRunner.run(SuiteRunner.java:336)
at org.testng.SuiteRunnerWorker.runSuite(SuiteRunnerWorker.java:52)
at org.testng.SuiteRunnerWorker.run(SuiteRunnerWorker.java:95)
at org.testng.TestNG.runSuitesSequentially(TestNG.java:1301)
at org.testng.TestNG.runSuitesLocally(TestNG.java:1228)
at org.testng.TestNG.runSuites(TestNG.java:1134)
at org.testng.TestNG.run(TestNG.java:1101)
at org.testng.remote.AbstractRemoteTestNG.run(AbstractRemoteTestNG.java:115)
at org.testng.remote.RemoteTestNG.initAndRun(RemoteTestNG.java:293)
at org.testng.remote.RemoteTestNG.main(RemoteTestNG.java:91)
]]>
            </full-stacktrace>
          </exception> <!-- java.lang.AssertionError -->
          <reporter-output>
          </reporter-output>
        </test-method> <!-- loginTest -->
        <test-method is-config="true" signature="browserclose()[pri:0, instance:tests.TC002_Login_Test@7eac9008]" started-at="2025-05-16T15:45:34 IST" name="browserclose" finished-at="2025-05-16T15:45:37 IST" duration-ms="2240" status="PASS">
          <reporter-output>
          </reporter-output>
        </test-method> <!-- browserclose -->
        <test-method is-config="true" signature="closereport()[pri:0, instance:tests.TC002_Login_Test@7eac9008]" started-at="2025-05-16T15:45:37 IST" name="closereport" finished-at="2025-05-16T15:45:37 IST" duration-ms="174" status="PASS">
          <reporter-output>
          </reporter-output>
        </test-method> <!-- closereport -->
      </class> <!-- tests.TC002_Login_Test -->
    </test> <!-- ChromeTest -->
  </suite> <!-- Suite -->
</testng-results>
